[15:25:35]  ***************** Node program started just right now! *****************
[15:25:35]  You entered Torrent. Receiving port: 39372
[15:25:35]  I informed the tracker that I'm still alive in the torrent!
[15:25:55]  I informed the tracker that I'm still alive in the torrent!
[15:26:15]  I informed the tracker that I'm still alive in the torrent!
[15:26:24]  You just started to download file_A.txt.torrent. Let's search it in torrent!
[15:26:24]  Sending request to tracker on port 3068 for d91838522436ecfe7d0595ac62e1a2a32457da2a
[15:26:24]  Asking for chunks of node 2 at address ['127.0.0.1', 47707]
[15:26:24]  I sent a request for a chunk of d91838522436ecfe7d0595ac62e1a2a32457da2a for node2
[15:26:24]  All the chunks of d91838522436ecfe7d0595ac62e1a2a32457da2a has downloaded from neighboring peers. But they must be reassembled!
[15:26:24]  All the pieces of the d91838522436ecfe7d0595ac62e1a2a32457da2a is now sorted and ready to be reassembled.
[15:26:24]  file_A.txt has successfully downloaded and saved in my files directory.
[15:26:35]  I informed the tracker that I'm still alive in the torrent!
[15:26:55]  I informed the tracker that I'm still alive in the torrent!
[15:27:15]  I informed the tracker that I'm still alive in the torrent!
[15:27:35]  I informed the tracker that I'm still alive in the torrent!
[15:27:55]  I informed the tracker that I'm still alive in the torrent!
[15:28:15]  I informed the tracker that I'm still alive in the torrent!
[15:28:35]  I informed the tracker that I'm still alive in the torrent!
[15:28:55]  I informed the tracker that I'm still alive in the torrent!
[15:29:15]  I informed the tracker that I'm still alive in the torrent!
[15:29:35]  I informed the tracker that I'm still alive in the torrent!
[15:29:55]  I informed the tracker that I'm still alive in the torrent!
[15:30:15]  I informed the tracker that I'm still alive in the torrent!
[15:30:35]  I informed the tracker that I'm still alive in the torrent!
[15:30:55]  I informed the tracker that I'm still alive in the torrent!
[15:31:15]  I informed the tracker that I'm still alive in the torrent!
[15:31:35]  I informed the tracker that I'm still alive in the torrent!
[15:31:52]  You exited the torrent!
