[07:32:07]  ***************** Node program started just right now! *****************
[08:17:27]  ***************** Node program started just right now! *****************
[08:22:38]  ***************** Node program started just right now! *****************
[08:23:19]  ***************** Node program started just right now! *****************
[08:24:25]  ***************** Node program started just right now! *****************
[08:27:21]  ***************** Node program started just right now! *****************
[08:29:41]  ***************** Node program started just right now! *****************
[08:37:05]  ***************** Node program started just right now! *****************
[12:51:15]  ***************** Node program started just right now! *****************
[12:51:21]  You entered Torrent.
[12:51:31]  I informed the tracker that I'm still alive in the torrent!
[12:55:12]  ***************** Node program started just right now! *****************
[12:55:12]  You entered Torrent.
[12:55:28]  I informed the tracker that I'm still alive in the torrent!
[19:20:07]  ***************** Node program started just right now! *****************
[19:20:07]  You entered Torrent.
[19:20:09]  I informed the tracker that I'm still alive in the torrent!
[19:22:32]  ***************** Node program started just right now! *****************
[19:22:32]  You entered Torrent.
[19:22:36]  I informed the tracker that I'm still alive in the torrent!
[09:51:32]  ***************** Node program started just right now! *****************
[09:51:40]  You entered Torrent.
[09:51:40]  I informed the tracker that I'm still alive in the torrent!
[09:51:52]  I informed the tracker that I'm still alive in the torrent!
[09:52:07]  You exited the torrent!
[09:52:30]  ***************** Node program started just right now! *****************
[09:52:30]  You entered Torrent.
[09:52:30]  I informed the tracker that I'm still alive in the torrent!
[09:52:54]  I informed the tracker that I'm still alive in the torrent!
[14:11:55]  ***************** Node program started just right now! *****************
[14:11:55]  You entered Torrent. Receiving port: 63443
[14:11:55]  I informed the tracker that I'm still alive in the torrent!
[14:12:13]  I informed the tracker that I'm still alive in the torrent!
[14:12:33]  I informed the tracker that I'm still alive in the torrent!
[14:12:53]  I informed the tracker that I'm still alive in the torrent!
[14:13:13]  I informed the tracker that I'm still alive in the torrent!
[14:13:33]  I informed the tracker that I'm still alive in the torrent!
[14:13:53]  I informed the tracker that I'm still alive in the torrent!
[14:14:13]  I informed the tracker that I'm still alive in the torrent!
[14:14:33]  I informed the tracker that I'm still alive in the torrent!
[14:14:53]  I informed the tracker that I'm still alive in the torrent!
[14:15:13]  I informed the tracker that I'm still alive in the torrent!
[14:15:33]  I informed the tracker that I'm still alive in the torrent!
[14:15:53]  I informed the tracker that I'm still alive in the torrent!
[14:16:13]  I informed the tracker that I'm still alive in the torrent!
[14:16:33]  I informed the tracker that I'm still alive in the torrent!
[14:16:53]  I informed the tracker that I'm still alive in the torrent!
[14:17:13]  I informed the tracker that I'm still alive in the torrent!
[14:17:24]  You don't have the torrent file ABC.torrent
[16:09:14]  ***************** Node program started just right now! *****************
[16:09:14]  You entered Torrent. Receiving port: 49969
[16:09:14]  I informed the tracker that I'm still alive in the torrent!
[16:09:34]  I informed the tracker that I'm still alive in the torrent!
[16:09:44]  You exited the torrent!
[16:18:25]  ***************** Node program started just right now! *****************
[16:18:25]  You entered Torrent. Receiving port: 50326
[16:18:25]  I informed the tracker that I'm still alive in the torrent!
[16:18:37]  You dont have the torrent file!
[16:18:38]  I informed the tracker that I'm still alive in the torrent!
[16:18:58]  I informed the tracker that I'm still alive in the torrent!
[16:19:15]  You dont have the torrent file!
[16:19:18]  I informed the tracker that I'm still alive in the torrent!
[16:28:06]  ***************** Node program started just right now! *****************
[16:28:06]  You entered Torrent. Receiving port: 50638
[16:28:06]  I informed the tracker that I'm still alive in the torrent!
