[09:28:51]  ***************** Node program started just right now! *****************
[09:28:51]  You entered Torrent.
[09:28:53]  I informed the tracker that I'm still alive in the torrent!
[09:29:09]  You exited the torrent!
[09:29:19]  ***************** Node program started just right now! *****************
[09:29:19]  You entered Torrent.
[09:29:21]  I informed the tracker that I'm still alive in the torrent!
[09:29:32]  You just started to download file_A.txt.torrent. Let's search it in torrent!
[09:32:47]  ***************** Node program started just right now! *****************
[09:32:47]  You entered Torrent.
[09:32:49]  I informed the tracker that I'm still alive in the torrent!
[09:33:00]  You just started to download file_A.txt.torrent. Let's search it in torrent!
[09:33:07]  I informed the tracker that I'm still alive in the torrent!
[09:33:27]  I informed the tracker that I'm still alive in the torrent!
[09:33:47]  I informed the tracker that I'm still alive in the torrent!
[09:34:07]  I informed the tracker that I'm still alive in the torrent!
[09:34:27]  I informed the tracker that I'm still alive in the torrent!
[09:34:47]  I informed the tracker that I'm still alive in the torrent!
[09:35:07]  I informed the tracker that I'm still alive in the torrent!
[09:35:27]  I informed the tracker that I'm still alive in the torrent!
[09:35:47]  I informed the tracker that I'm still alive in the torrent!
[09:36:07]  I informed the tracker that I'm still alive in the torrent!
[09:36:27]  I informed the tracker that I'm still alive in the torrent!
[09:36:47]  I informed the tracker that I'm still alive in the torrent!
[09:37:07]  I informed the tracker that I'm still alive in the torrent!
[09:37:27]  I informed the tracker that I'm still alive in the torrent!
