[07:32:38]  ***************** Node program started just right now! *****************
[08:16:31]  ***************** Node program started just right now! *****************
[08:33:07]  ***************** Node program started just right now! *****************
[08:46:10]  ***************** Node program started just right now! *****************
[11:13:09]  ***************** Node program started just right now! *****************
[11:14:06]  ***************** Node program started just right now! *****************
[11:14:06]  You entered Torrent.
[11:14:06]  I informed the tracker that I'm still alive in the torrent!
[12:48:49]  ***************** Node program started just right now! *****************
[12:48:49]  You entered Torrent.
[12:48:49]  I informed the tracker that I'm still alive in the torrent!
[13:02:23]  ***************** Node program started just right now! *****************
[13:02:23]  You entered Torrent.
[13:02:23]  I informed the tracker that I'm still alive in the torrent!
[13:02:43]  I informed the tracker that I'm still alive in the torrent!
[13:03:03]  I informed the tracker that I'm still alive in the torrent!
[13:03:23]  I informed the tracker that I'm still alive in the torrent!
[13:03:43]  I informed the tracker that I'm still alive in the torrent!
[13:04:03]  I informed the tracker that I'm still alive in the torrent!
[13:04:23]  I informed the tracker that I'm still alive in the torrent!
[13:04:43]  I informed the tracker that I'm still alive in the torrent!
[13:05:03]  I informed the tracker that I'm still alive in the torrent!
[13:05:23]  I informed the tracker that I'm still alive in the torrent!
[13:05:43]  I informed the tracker that I'm still alive in the torrent!
[13:06:03]  I informed the tracker that I'm still alive in the torrent!
[13:06:23]  I informed the tracker that I'm still alive in the torrent!
[18:36:55]  ***************** Node program started just right now! *****************
[18:36:55]  You entered Torrent.
[18:36:55]  I informed the tracker that I'm still alive in the torrent!
[18:37:15]  I informed the tracker that I'm still alive in the torrent!
[18:37:35]  I informed the tracker that I'm still alive in the torrent!
[18:37:55]  I informed the tracker that I'm still alive in the torrent!
[18:38:02]  You exited the torrent!
[19:05:36]  ***************** Node program started just right now! *****************
[19:05:36]  You entered Torrent.
[19:05:36]  I informed the tracker that I'm still alive in the torrent!
[19:05:56]  I informed the tracker that I'm still alive in the torrent!
[19:06:16]  I informed the tracker that I'm still alive in the torrent!
[19:06:36]  I informed the tracker that I'm still alive in the torrent!
[19:06:56]  I informed the tracker that I'm still alive in the torrent!
[19:07:10]  You exited the torrent!
[19:18:34]  ***************** Node program started just right now! *****************
[19:18:34]  You entered Torrent.
[19:18:34]  I informed the tracker that I'm still alive in the torrent!
[19:38:40]  ***************** Node program started just right now! *****************
[19:38:40]  You entered Torrent.
[19:38:42]  I informed the tracker that I'm still alive in the torrent!
[21:35:49]  ***************** Node program started just right now! *****************
[21:35:49]  You entered Torrent.
[21:35:51]  I informed the tracker that I'm still alive in the torrent!
[21:55:40]  ***************** Node program started just right now! *****************
[21:55:40]  You entered Torrent.
[21:55:42]  I informed the tracker that I'm still alive in the torrent!
[08:18:20]  ***************** Node program started just right now! *****************
[08:18:20]  You entered Torrent.
[08:18:22]  I informed the tracker that I'm still alive in the torrent!
[08:18:41]  ***************** Node program started just right now! *****************
[08:18:41]  You entered Torrent.
[08:18:43]  I informed the tracker that I'm still alive in the torrent!
[08:19:01]  I informed the tracker that I'm still alive in the torrent!
[08:19:54]  ***************** Node program started just right now! *****************
[08:19:54]  You entered Torrent.
[08:19:56]  I informed the tracker that I'm still alive in the torrent!
[08:20:14]  I informed the tracker that I'm still alive in the torrent!
[08:22:18]  ***************** Node program started just right now! *****************
[08:22:18]  You entered Torrent.
[08:22:20]  I informed the tracker that I'm still alive in the torrent!
[08:22:38]  I informed the tracker that I'm still alive in the torrent!
[08:22:58]  I informed the tracker that I'm still alive in the torrent!
[08:23:04]  You exited the torrent!
[08:24:17]  ***************** Node program started just right now! *****************
[08:24:17]  You entered Torrent.
[08:24:19]  I informed the tracker that I'm still alive in the torrent!
[08:24:25]  You exited the torrent!
[08:25:54]  ***************** Node program started just right now! *****************
[08:25:54]  You entered Torrent.
[08:25:56]  I informed the tracker that I'm still alive in the torrent!
[08:26:00]  You exited the torrent!
[08:39:15]  ***************** Node program started just right now! *****************
[08:39:15]  You entered Torrent.
[08:39:17]  I informed the tracker that I'm still alive in the torrent!
[08:39:35]  I informed the tracker that I'm still alive in the torrent!
[08:39:55]  I informed the tracker that I'm still alive in the torrent!
[08:41:49]  ***************** Node program started just right now! *****************
[08:41:49]  You entered Torrent.
[08:41:51]  I informed the tracker that I'm still alive in the torrent!
[08:41:57]  You exited the torrent!
[08:42:02]  ***************** Node program started just right now! *****************
[08:42:02]  You entered Torrent.
[08:42:04]  I informed the tracker that I'm still alive in the torrent!
[08:42:22]  I informed the tracker that I'm still alive in the torrent!
[08:42:39]  You exited the torrent!
[08:42:43]  ***************** Node program started just right now! *****************
[08:42:43]  You entered Torrent.
[08:42:45]  I informed the tracker that I'm still alive in the torrent!
[08:47:16]  ***************** Node program started just right now! *****************
[08:47:16]  You entered Torrent.
[08:47:18]  I informed the tracker that I'm still alive in the torrent!
[08:48:05]  ***************** Node program started just right now! *****************
[08:48:05]  You entered Torrent.
[08:48:07]  I informed the tracker that I'm still alive in the torrent!
[08:48:22]  You exited the torrent!
[08:48:27]  ***************** Node program started just right now! *****************
[08:48:27]  You entered Torrent.
[08:48:29]  I informed the tracker that I'm still alive in the torrent!
[08:48:55]  ***************** Node program started just right now! *****************
[08:48:55]  You entered Torrent.
[08:48:57]  I informed the tracker that I'm still alive in the torrent!
[08:49:10]  You are free now! You are waiting for other nodes' requests!
[08:49:15]  I informed the tracker that I'm still alive in the torrent!
[08:49:35]  I informed the tracker that I'm still alive in the torrent!
[08:49:55]  I informed the tracker that I'm still alive in the torrent!
[08:51:33]  ***************** Node program started just right now! *****************
[08:51:33]  You entered Torrent.
[08:51:35]  I informed the tracker that I'm still alive in the torrent!
[08:51:53]  I informed the tracker that I'm still alive in the torrent!
[08:52:13]  I informed the tracker that I'm still alive in the torrent!
[08:52:33]  I informed the tracker that I'm still alive in the torrent!
[08:52:53]  I informed the tracker that I'm still alive in the torrent!
[08:53:13]  I informed the tracker that I'm still alive in the torrent!
[08:53:33]  I informed the tracker that I'm still alive in the torrent!
[08:53:53]  I informed the tracker that I'm still alive in the torrent!
[08:54:13]  I informed the tracker that I'm still alive in the torrent!
[08:54:27]  You are free now! You are waiting for other nodes' requests!
[08:54:33]  I informed the tracker that I'm still alive in the torrent!
[08:54:53]  I informed the tracker that I'm still alive in the torrent!
[08:55:13]  I informed the tracker that I'm still alive in the torrent!
[08:55:33]  I informed the tracker that I'm still alive in the torrent!
[08:55:53]  I informed the tracker that I'm still alive in the torrent!
[08:56:13]  I informed the tracker that I'm still alive in the torrent!
[08:56:33]  I informed the tracker that I'm still alive in the torrent!
[09:27:49]  ***************** Node program started just right now! *****************
[09:28:08]  ***************** Node program started just right now! *****************
[09:28:09]  You entered Torrent.
[09:28:11]  I informed the tracker that I'm still alive in the torrent!
[09:28:27]  You are free now! You are waiting for other nodes' requests!
[09:28:28]  I informed the tracker that I'm still alive in the torrent!
[09:28:48]  I informed the tracker that I'm still alive in the torrent!
[09:29:08]  I informed the tracker that I'm still alive in the torrent!
[09:29:28]  I informed the tracker that I'm still alive in the torrent!
[09:29:48]  I informed the tracker that I'm still alive in the torrent!
[09:29:52]  You exited the torrent!
[09:32:11]  ***************** Node program started just right now! *****************
[09:32:11]  You entered Torrent.
[09:32:13]  I informed the tracker that I'm still alive in the torrent!
[09:32:31]  I informed the tracker that I'm still alive in the torrent!
[09:32:43]  You are free now! You are waiting for other nodes' requests!
[09:32:51]  I informed the tracker that I'm still alive in the torrent!
[09:33:11]  I informed the tracker that I'm still alive in the torrent!
[09:33:31]  I informed the tracker that I'm still alive in the torrent!
[09:33:51]  I informed the tracker that I'm still alive in the torrent!
[09:34:11]  I informed the tracker that I'm still alive in the torrent!
[09:34:31]  I informed the tracker that I'm still alive in the torrent!
[09:34:51]  I informed the tracker that I'm still alive in the torrent!
[09:35:11]  I informed the tracker that I'm still alive in the torrent!
[09:35:31]  I informed the tracker that I'm still alive in the torrent!
[09:35:51]  I informed the tracker that I'm still alive in the torrent!
[09:36:11]  I informed the tracker that I'm still alive in the torrent!
[09:36:31]  I informed the tracker that I'm still alive in the torrent!
[09:36:51]  I informed the tracker that I'm still alive in the torrent!
[09:37:11]  I informed the tracker that I'm still alive in the torrent!
[09:37:31]  I informed the tracker that I'm still alive in the torrent!
[09:37:51]  I informed the tracker that I'm still alive in the torrent!
[09:38:11]  I informed the tracker that I'm still alive in the torrent!
[09:38:30]  You exited the torrent!
[09:40:34]  ***************** Node program started just right now! *****************
[09:40:34]  You entered Torrent.
[09:40:34]  I informed the tracker that I'm still alive in the torrent!
[09:40:45]  You are free now! You are waiting for other nodes' requests!
[09:40:54]  I informed the tracker that I'm still alive in the torrent!
[09:41:02]  You exited the torrent!
[09:41:45]  ***************** Node program started just right now! *****************
[09:41:45]  You entered Torrent.
[09:41:45]  I informed the tracker that I'm still alive in the torrent!
[09:41:54]  You are free now! You are waiting for other nodes' requests!
[09:42:03]  You exited the torrent!
[09:46:08]  ***************** Node program started just right now! *****************
[09:46:08]  You entered Torrent.
[09:46:08]  I informed the tracker that I'm still alive in the torrent!
[09:46:19]  You are free now! You are waiting for other nodes' requests!
[09:46:28]  I informed the tracker that I'm still alive in the torrent!
[09:46:40]  You exited the torrent!
[09:50:31]  ***************** Node program started just right now! *****************
[09:50:32]  You entered Torrent.
[09:50:32]  I informed the tracker that I'm still alive in the torrent!
[09:50:44]  You are free now! You are waiting for other nodes' requests!
[09:50:50]  Stop listening to request
[09:50:50]  You exited the torrent!
[09:57:27]  ***************** Node program started just right now! *****************
[09:57:27]  You entered Torrent.
[09:57:27]  I informed the tracker that I'm still alive in the torrent!
[09:57:32]  I informed the tracker that I'm still alive in the torrent!
[09:57:52]  I informed the tracker that I'm still alive in the torrent!
[09:58:12]  I informed the tracker that I'm still alive in the torrent!
[09:58:32]  I informed the tracker that I'm still alive in the torrent!
[09:58:52]  I informed the tracker that I'm still alive in the torrent!
[09:59:12]  I informed the tracker that I'm still alive in the torrent!
[09:59:32]  I informed the tracker that I'm still alive in the torrent!
[09:59:52]  I informed the tracker that I'm still alive in the torrent!
[10:00:12]  I informed the tracker that I'm still alive in the torrent!
[10:00:32]  I informed the tracker that I'm still alive in the torrent!
[10:00:52]  I informed the tracker that I'm still alive in the torrent!
[10:01:12]  I informed the tracker that I'm still alive in the torrent!
[10:02:15]  ***************** Node program started just right now! *****************
[10:02:15]  You entered Torrent.
[10:02:15]  I informed the tracker that I'm still alive in the torrent!
[10:02:28]  I informed the tracker that I'm still alive in the torrent!
[10:02:48]  I informed the tracker that I'm still alive in the torrent!
[10:03:08]  I informed the tracker that I'm still alive in the torrent!
[10:03:11]  You exited the torrent!
[10:03:29]  ***************** Node program started just right now! *****************
[10:03:29]  You entered Torrent.
[10:03:29]  I informed the tracker that I'm still alive in the torrent!
[10:03:42]  I informed the tracker that I'm still alive in the torrent!
[10:03:58]  You are free now! You are waiting for other nodes' requests!
[10:04:02]  I informed the tracker that I'm still alive in the torrent!
[10:04:22]  I informed the tracker that I'm still alive in the torrent!
[10:04:30]  Stop listening to request
[10:11:00]  I informed the tracker that I'm still alive in the torrent!
[10:11:23]  ***************** Node program started just right now! *****************
[10:11:23]  You entered Torrent.
[10:11:23]  I informed the tracker that I'm still alive in the torrent!
[10:11:30]  I informed the tracker that I'm still alive in the torrent!
[10:11:50]  I informed the tracker that I'm still alive in the torrent!
[10:12:04]  You are free now! You are waiting for other nodes' requests!
[10:12:10]  I informed the tracker that I'm still alive in the torrent!
[10:12:21]  You exited the torrent!
[10:12:21]  Receiveing Socket was closed: stopping listener
[10:12:21]  Stopped listening to request
[10:16:47]  ***************** Node program started just right now! *****************
[10:16:47]  You entered Torrent.
[10:16:47]  I informed the tracker that I'm still alive in the torrent!
[10:17:07]  I informed the tracker that I'm still alive in the torrent!
[10:17:09]  You are free now! You are waiting for other nodes' requests!
[10:17:27]  I informed the tracker that I'm still alive in the torrent!
[10:17:47]  I informed the tracker that I'm still alive in the torrent!
[10:18:07]  I informed the tracker that I'm still alive in the torrent!
[10:18:27]  I informed the tracker that I'm still alive in the torrent!
[10:18:47]  I informed the tracker that I'm still alive in the torrent!
[10:19:33]  ***************** Node program started just right now! *****************
[10:19:33]  You entered Torrent.
[10:19:33]  I informed the tracker that I'm still alive in the torrent!
[10:19:47]  You are free now! You are waiting for other nodes' requests!
[10:19:53]  I informed the tracker that I'm still alive in the torrent!
[10:20:13]  I informed the tracker that I'm still alive in the torrent!
[10:20:33]  I informed the tracker that I'm still alive in the torrent!
[10:20:53]  I informed the tracker that I'm still alive in the torrent!
[10:21:13]  I informed the tracker that I'm still alive in the torrent!
[10:21:33]  I informed the tracker that I'm still alive in the torrent!
[10:21:53]  I informed the tracker that I'm still alive in the torrent!
[10:22:13]  I informed the tracker that I'm still alive in the torrent!
[10:22:33]  I informed the tracker that I'm still alive in the torrent!
[10:22:53]  I informed the tracker that I'm still alive in the torrent!
[10:23:13]  I informed the tracker that I'm still alive in the torrent!
[10:23:33]  I informed the tracker that I'm still alive in the torrent!
[10:30:19]  ***************** Node program started just right now! *****************
[10:30:19]  You entered Torrent.
[10:30:19]  I informed the tracker that I'm still alive in the torrent!
[10:30:32]  You are free now! You are waiting for other nodes' requests!
[10:30:39]  I informed the tracker that I'm still alive in the torrent!
[10:30:59]  I informed the tracker that I'm still alive in the torrent!
[10:31:19]  I informed the tracker that I'm still alive in the torrent!
[10:31:39]  I informed the tracker that I'm still alive in the torrent!
[10:31:59]  I informed the tracker that I'm still alive in the torrent!
[10:32:19]  I informed the tracker that I'm still alive in the torrent!
[10:32:39]  I informed the tracker that I'm still alive in the torrent!
[10:32:59]  I informed the tracker that I'm still alive in the torrent!
[10:33:19]  I informed the tracker that I'm still alive in the torrent!
[10:33:39]  I informed the tracker that I'm still alive in the torrent!
[10:33:59]  I informed the tracker that I'm still alive in the torrent!
[10:34:19]  I informed the tracker that I'm still alive in the torrent!
[10:34:39]  I informed the tracker that I'm still alive in the torrent!
[10:34:59]  I informed the tracker that I'm still alive in the torrent!
[10:35:19]  I informed the tracker that I'm still alive in the torrent!
[10:35:39]  I informed the tracker that I'm still alive in the torrent!
[10:35:59]  I informed the tracker that I'm still alive in the torrent!
[10:36:19]  I informed the tracker that I'm still alive in the torrent!
[10:36:39]  I informed the tracker that I'm still alive in the torrent!
[10:36:59]  I informed the tracker that I'm still alive in the torrent!
[10:37:19]  I informed the tracker that I'm still alive in the torrent!
[10:37:39]  I informed the tracker that I'm still alive in the torrent!
[10:37:59]  I informed the tracker that I'm still alive in the torrent!
[10:38:19]  I informed the tracker that I'm still alive in the torrent!
[10:39:15]  ***************** Node program started just right now! *****************
[10:39:15]  You entered Torrent.
[10:39:15]  I informed the tracker that I'm still alive in the torrent!
[10:39:35]  I informed the tracker that I'm still alive in the torrent!
[10:39:55]  I informed the tracker that I'm still alive in the torrent!
[10:40:15]  I informed the tracker that I'm still alive in the torrent!
[10:40:16]  You exited the torrent!
[10:40:27]  ***************** Node program started just right now! *****************
[10:40:27]  You entered Torrent.
[10:40:27]  I informed the tracker that I'm still alive in the torrent!
[10:40:36]  You are free now! You are waiting for other nodes' requests!
[10:40:47]  I informed the tracker that I'm still alive in the torrent!
[10:41:07]  I informed the tracker that I'm still alive in the torrent!
[10:41:27]  I informed the tracker that I'm still alive in the torrent!
[10:41:47]  I informed the tracker that I'm still alive in the torrent!
[10:42:07]  I informed the tracker that I'm still alive in the torrent!
[10:42:27]  I informed the tracker that I'm still alive in the torrent!
[11:00:22]  ***************** Node program started just right now! *****************
[11:00:22]  You entered Torrent.
[11:00:22]  I informed the tracker that I'm still alive in the torrent!
[11:00:42]  I informed the tracker that I'm still alive in the torrent!
[11:00:43]  You are free now! You are waiting for other nodes' requests!
[11:01:02]  I informed the tracker that I'm still alive in the torrent!
[11:01:22]  I informed the tracker that I'm still alive in the torrent!
[11:01:42]  I informed the tracker that I'm still alive in the torrent!
[11:02:02]  I informed the tracker that I'm still alive in the torrent!
[11:02:22]  I informed the tracker that I'm still alive in the torrent!
[11:02:42]  I informed the tracker that I'm still alive in the torrent!
[11:03:38]  ***************** Node program started just right now! *****************
[11:03:38]  You entered Torrent.
[11:03:38]  I informed the tracker that I'm still alive in the torrent!
[11:03:40]  You are free now! You are waiting for other nodes' requests!
[11:03:58]  I informed the tracker that I'm still alive in the torrent!
[11:04:18]  I informed the tracker that I'm still alive in the torrent!
[11:04:38]  I informed the tracker that I'm still alive in the torrent!
[11:04:58]  I informed the tracker that I'm still alive in the torrent!
[11:05:18]  I informed the tracker that I'm still alive in the torrent!
[11:05:38]  I informed the tracker that I'm still alive in the torrent!
[11:05:58]  I informed the tracker that I'm still alive in the torrent!
[11:06:18]  I informed the tracker that I'm still alive in the torrent!
[11:06:38]  I informed the tracker that I'm still alive in the torrent!
[11:06:58]  I informed the tracker that I'm still alive in the torrent!
[11:07:18]  I informed the tracker that I'm still alive in the torrent!
[11:07:38]  I informed the tracker that I'm still alive in the torrent!
[11:07:58]  I informed the tracker that I'm still alive in the torrent!
[11:08:18]  I informed the tracker that I'm still alive in the torrent!
[11:08:38]  I informed the tracker that I'm still alive in the torrent!
[11:08:58]  I informed the tracker that I'm still alive in the torrent!
[11:09:18]  I informed the tracker that I'm still alive in the torrent!
[11:09:38]  I informed the tracker that I'm still alive in the torrent!
[11:09:58]  I informed the tracker that I'm still alive in the torrent!
[11:10:18]  I informed the tracker that I'm still alive in the torrent!
[11:10:38]  I informed the tracker that I'm still alive in the torrent!
[11:10:58]  I informed the tracker that I'm still alive in the torrent!
[11:11:18]  I informed the tracker that I'm still alive in the torrent!
[11:11:38]  I informed the tracker that I'm still alive in the torrent!
[11:11:58]  I informed the tracker that I'm still alive in the torrent!
[11:12:18]  I informed the tracker that I'm still alive in the torrent!
[11:12:38]  I informed the tracker that I'm still alive in the torrent!
[11:12:58]  I informed the tracker that I'm still alive in the torrent!
[11:13:18]  I informed the tracker that I'm still alive in the torrent!
[11:13:38]  I informed the tracker that I'm still alive in the torrent!
[11:13:58]  I informed the tracker that I'm still alive in the torrent!
[11:14:18]  I informed the tracker that I'm still alive in the torrent!
[11:14:38]  I informed the tracker that I'm still alive in the torrent!
[11:14:58]  I informed the tracker that I'm still alive in the torrent!
[11:15:18]  I informed the tracker that I'm still alive in the torrent!
[11:15:38]  I informed the tracker that I'm still alive in the torrent!
[11:15:58]  I informed the tracker that I'm still alive in the torrent!
[11:16:18]  I informed the tracker that I'm still alive in the torrent!
[11:16:38]  I informed the tracker that I'm still alive in the torrent!
[11:16:58]  I informed the tracker that I'm still alive in the torrent!
[11:17:18]  I informed the tracker that I'm still alive in the torrent!
[11:17:38]  I informed the tracker that I'm still alive in the torrent!
[11:17:58]  I informed the tracker that I'm still alive in the torrent!
[11:18:18]  I informed the tracker that I'm still alive in the torrent!
[11:18:38]  I informed the tracker that I'm still alive in the torrent!
[11:18:58]  I informed the tracker that I'm still alive in the torrent!
[11:19:18]  I informed the tracker that I'm still alive in the torrent!
[11:19:38]  I informed the tracker that I'm still alive in the torrent!
[11:19:58]  I informed the tracker that I'm still alive in the torrent!
[11:20:18]  I informed the tracker that I'm still alive in the torrent!
[11:20:38]  I informed the tracker that I'm still alive in the torrent!
[11:20:58]  I informed the tracker that I'm still alive in the torrent!
[11:21:18]  I informed the tracker that I'm still alive in the torrent!
[11:21:38]  I informed the tracker that I'm still alive in the torrent!
[11:21:58]  I informed the tracker that I'm still alive in the torrent!
[11:22:18]  I informed the tracker that I'm still alive in the torrent!
[11:22:38]  I informed the tracker that I'm still alive in the torrent!
[11:22:58]  I informed the tracker that I'm still alive in the torrent!
[11:23:18]  I informed the tracker that I'm still alive in the torrent!
[11:23:38]  I informed the tracker that I'm still alive in the torrent!
[11:23:58]  I informed the tracker that I'm still alive in the torrent!
[11:24:18]  I informed the tracker that I'm still alive in the torrent!
[11:24:38]  I informed the tracker that I'm still alive in the torrent!
[11:24:58]  I informed the tracker that I'm still alive in the torrent!
[11:24:59]  Receiveing Socket was closed: stopping listener
[11:25:51]  ***************** Node program started just right now! *****************
[11:25:51]  You entered Torrent.
[11:25:51]  I informed the tracker that I'm still alive in the torrent!
[11:25:57]  You are free now! You are waiting for other nodes' requests!
[11:26:11]  I informed the tracker that I'm still alive in the torrent!
[11:26:31]  I informed the tracker that I'm still alive in the torrent!
[11:26:51]  I informed the tracker that I'm still alive in the torrent!
[11:27:11]  I informed the tracker that I'm still alive in the torrent!
[11:27:31]  I informed the tracker that I'm still alive in the torrent!
[11:27:51]  I informed the tracker that I'm still alive in the torrent!
[11:28:11]  I informed the tracker that I'm still alive in the torrent!
[11:28:31]  I informed the tracker that I'm still alive in the torrent!
[11:28:36]  You exited the torrent!
sed: stopping listener
[11:29:12]  ***************** Node program started just right now! *****************
[11:29:12]  You entered Torrent.
[11:29:12]  I informed the tracker that I'm still alive in the torrent!
[11:29:21]  I informed the tracker that I'm still alive in the torrent!
[11:29:41]  I informed the tracker that I'm still alive in the torrent!
[11:30:01]  I informed the tracker that I'm still alive in the torrent!
[11:33:20]  ***************** Node program started just right now! *****************
[11:33:20]  You entered Torrent. Receiving port: 61125
[11:33:20]  I informed the tracker that I'm still alive in the torrent!
[11:33:40]  I informed the tracker that I'm still alive in the torrent!
[11:34:00]  I informed the tracker that I'm still alive in the torrent!
[11:34:10]  You are free now! You are waiting for other nodes' requests!
[11:34:20]  I informed the tracker that I'm still alive in the torrent!
[11:34:40]  I informed the tracker that I'm still alive in the torrent!
[11:35:00]  I informed the tracker that I'm still alive in the torrent!
[11:35:20]  I informed the tracker that I'm still alive in the torrent!
[11:35:40]  I informed the tracker that I'm still alive in the torrent!
[11:36:00]  I informed the tracker that I'm still alive in the torrent!
[11:36:20]  I informed the tracker that I'm still alive in the torrent!
[11:36:40]  I informed the tracker that I'm still alive in the torrent!
[11:37:00]  I informed the tracker that I'm still alive in the torrent!
[11:37:20]  I informed the tracker that I'm still alive in the torrent!
[11:37:40]  I informed the tracker that I'm still alive in the torrent!
[11:38:00]  I informed the tracker that I'm still alive in the torrent!
[11:38:20]  I informed the tracker that I'm still alive in the torrent!
[11:38:40]  I informed the tracker that I'm still alive in the torrent!
[11:39:00]  I informed the tracker that I'm still alive in the torrent!
[11:39:10]  ***************** Node program started just right now! *****************
[11:39:10]  You entered Torrent. Receiving port: 32794
[11:39:10]  I informed the tracker that I'm still alive in the torrent!
[11:39:20]  I informed the tracker that I'm still alive in the torrent!
[11:39:22]  I informed the tracker that I'm still alive in the torrent!
[11:39:40]  You just started to download file_A.txt.torrent. Let's search it in torrent!
[11:39:40]  Sending request to tracker on port 60224 for d91838522436ecfe7d0595ac62e1a2a32457da2a
[11:39:40]  I informed the tracker that I'm still alive in the torrent!
[11:39:42]  I informed the tracker that I'm still alive in the torrent!
[11:40:00]  I informed the tracker that I'm still alive in the torrent!
[11:40:18]  I informed the tracker that I'm still alive in the torrent!
[11:40:20]  I informed the tracker that I'm still alive in the torrent!
[11:40:40]  I informed the tracker that I'm still alive in the torrent!
[11:41:00]  ***************** Node program started just right now! *****************
[11:41:00]  You entered Torrent. Receiving port: 51319
[11:41:00]  I informed the tracker that I'm still alive in the torrent!
[11:41:20]  I informed the tracker that I'm still alive in the torrent!
[11:41:40]  I informed the tracker that I'm still alive in the torrent!
[11:41:43]  You are free now! You are waiting for other nodes' requests!
[11:42:00]  I informed the tracker that I'm still alive in the torrent!
[11:42:20]  I informed the tracker that I'm still alive in the torrent!
[11:42:40]  I informed the tracker that I'm still alive in the torrent!
[11:43:00]  I informed the tracker that I'm still alive in the torrent!
[11:43:20]  I informed the tracker that I'm still alive in the torrent!
[11:43:40]  I informed the tracker that I'm still alive in the torrent!
[11:44:00]  I informed the tracker that I'm still alive in the torrent!
[11:44:20]  I informed the tracker that I'm still alive in the torrent!
[11:44:37]  Receiving Socket was closed: stopping listener
[11:45:06]  ***************** Node program started just right now! *****************
[11:45:06]  You entered Torrent. Receiving port: 9517
[11:45:06]  I informed the tracker that I'm still alive in the torrent!
[11:45:06]  I informed the tracker that I'm still alive in the torrent!
[11:45:26]  I informed the tracker that I'm still alive in the torrent!
[11:45:46]  I informed the tracker that I'm still alive in the torrent!
[11:46:01]  You are free now! You are waiting for other nodes' requests!
[11:46:06]  I informed the tracker that I'm still alive in the torrent!
[11:46:26]  I informed the tracker that I'm still alive in the torrent!
[11:46:46]  I informed the tracker that I'm still alive in the torrent!
[11:47:06]  I informed the tracker that I'm still alive in the torrent!
[11:47:26]  I informed the tracker that I'm still alive in the torrent!
[11:47:27]  You exited the torrent!
ed: stopping listener
[11:47:38]  Stopped listening to request
[11:48:02]  ***************** Node program started just right now! *****************
[11:48:02]  You entered Torrent. Receiving port: 59071
[11:48:02]  I informed the tracker that I'm still alive in the torrent!
[11:48:11]  I informed the tracker that I'm still alive in the torrent!
[11:48:31]  I informed the tracker that I'm still alive in the torrent!
[11:48:34]  You are free now! You are waiting for other nodes' requests!
[11:48:51]  I informed the tracker that I'm still alive in the torrent!
[11:49:11]  I informed the tracker that I'm still alive in the torrent!
[11:49:31]  I informed the tracker that I'm still alive in the torrent!
[11:49:51]  I informed the tracker that I'm still alive in the torrent!
[11:50:11]  I informed the tracker that I'm still alive in the torrent!
[11:50:31]  I informed the tracker that I'm still alive in the torrent!
[11:51:03]  ***************** Node program started just right now! *****************
[11:51:03]  You entered Torrent. Receiving port: 24715
[11:51:03]  I informed the tracker that I'm still alive in the torrent!
[11:51:12]  You are free now! You are waiting for other nodes' requests!
[11:52:04]  I informed the tracker that I'm still alive in the torrent!
[11:52:04]  I informed the tracker that I'm still alive in the torrent!
[11:52:04]  I informed the tracker that I'm still alive in the torrent!
[11:52:17]  I informed the tracker that I'm still alive in the torrent!
[11:52:37]  I informed the tracker that I'm still alive in the torrent!
[11:52:57]  I informed the tracker that I'm still alive in the torrent!
[11:53:12]  ***************** Node program started just right now! *****************
[11:53:12]  You entered Torrent. Receiving port: 9970
[11:53:12]  I informed the tracker that I'm still alive in the torrent!
[11:53:14]  You are free now! You are waiting for other nodes' requests!
[11:53:22]  Connected to ('127.0.0.1', 26605)
[11:53:32]  I informed the tracker that I'm still alive in the torrent!
[11:53:52]  I informed the tracker that I'm still alive in the torrent!
[11:54:12]  I informed the tracker that I'm still alive in the torrent!
[11:54:32]  I informed the tracker that I'm still alive in the torrent!
[11:54:52]  I informed the tracker that I'm still alive in the torrent!
[11:55:12]  I informed the tracker that I'm still alive in the torrent!
[11:55:32]  I informed the tracker that I'm still alive in the torrent!
[11:55:52]  I informed the tracker that I'm still alive in the torrent!
[11:56:12]  I informed the tracker that I'm still alive in the torrent!
[11:56:32]  I informed the tracker that I'm still alive in the torrent!
[11:56:52]  I informed the tracker that I'm still alive in the torrent!
[11:56:55]  Connected to ('127.0.0.1', 38664)
[11:57:12]  I informed the tracker that I'm still alive in the torrent!
[11:57:32]  I informed the tracker that I'm still alive in the torrent!
[11:57:52]  I informed the tracker that I'm still alive in the torrent!
[11:58:12]  I informed the tracker that I'm still alive in the torrent!
[11:58:32]  I informed the tracker that I'm still alive in the torrent!
[11:58:52]  I informed the tracker that I'm still alive in the torrent!
[11:59:12]  I informed the tracker that I'm still alive in the torrent!
[11:59:32]  I informed the tracker that I'm still alive in the torrent!
[11:59:52]  I informed the tracker that I'm still alive in the torrent!
[12:00:12]  I informed the tracker that I'm still alive in the torrent!
[12:00:32]  I informed the tracker that I'm still alive in the torrent!
[12:00:52]  I informed the tracker that I'm still alive in the torrent!
[12:01:12]  I informed the tracker that I'm still alive in the torrent!
[12:01:32]  I informed the tracker that I'm still alive in the torrent!
[12:01:52]  I informed the tracker that I'm still alive in the torrent!
[12:02:12]  I informed the tracker that I'm still alive in the torrent!
[12:02:32]  I informed the tracker that I'm still alive in the torrent!
[13:11:50]  ***************** Node program started just right now! *****************
[13:11:50]  You entered Torrent. Receiving port: 7343
[13:11:50]  I informed the tracker that I'm still alive in the torrent!
[13:12:03]  I informed the tracker that I'm still alive in the torrent!
[13:12:23]  I informed the tracker that I'm still alive in the torrent!
[13:12:43]  I informed the tracker that I'm still alive in the torrent!
[13:13:03]  I informed the tracker that I'm still alive in the torrent!
[13:13:23]  I informed the tracker that I'm still alive in the torrent!
[13:13:43]  I informed the tracker that I'm still alive in the torrent!
[13:14:03]  I informed the tracker that I'm still alive in the torrent!
[13:14:18]  You are free now! You are waiting for other nodes' requests!
[13:14:23]  I informed the tracker that I'm still alive in the torrent!
[13:14:43]  I informed the tracker that I'm still alive in the torrent!
[13:15:03]  I informed the tracker that I'm still alive in the torrent!
[13:15:23]  I informed the tracker that I'm still alive in the torrent!
[13:15:43]  I informed the tracker that I'm still alive in the torrent!
[13:19:00]  ***************** Node program started just right now! *****************
[13:19:00]  You entered Torrent. Receiving port: 3487
[13:19:00]  I informed the tracker that I'm still alive in the torrent!
[13:19:14]  You are free now! You are waiting for other nodes' requests!
[13:19:20]  I informed the tracker that I'm still alive in the torrent!
[13:19:40]  I informed the tracker that I'm still alive in the torrent!
[13:20:00]  I informed the tracker that I'm still alive in the torrent!
[13:20:13]  Connected to ('127.0.0.1', 59057)
[13:20:20]  I informed the tracker that I'm still alive in the torrent!
[13:20:40]  I informed the tracker that I'm still alive in the torrent!
[13:21:00]  I informed the tracker that I'm still alive in the torrent!
[13:21:20]  I informed the tracker that I'm still alive in the torrent!
[13:21:40]  I informed the tracker that I'm still alive in the torrent!
[13:22:00]  I informed the tracker that I'm still alive in the torrent!
[13:22:20]  I informed the tracker that I'm still alive in the torrent!
[13:22:40]  I informed the tracker that I'm still alive in the torrent!
[13:23:00]  I informed the tracker that I'm still alive in the torrent!
[13:23:23]  ***************** Node program started just right now! *****************
[13:23:23]  You entered Torrent. Receiving port: 48325
[13:23:23]  I informed the tracker that I'm still alive in the torrent!
[13:23:36]  You are free now! You are waiting for other nodes' requests!
[13:23:43]  I informed the tracker that I'm still alive in the torrent!
[13:23:47]  Connected to ('127.0.0.1', 59163)
[13:24:03]  I informed the tracker that I'm still alive in the torrent!
[13:24:23]  I informed the tracker that I'm still alive in the torrent!
[13:24:43]  I informed the tracker that I'm still alive in the torrent!
[13:25:03]  I informed the tracker that I'm still alive in the torrent!
[13:25:23]  I informed the tracker that I'm still alive in the torrent!
[13:25:43]  I informed the tracker that I'm still alive in the torrent!
[13:26:03]  I informed the tracker that I'm still alive in the torrent!
[13:26:23]  I informed the tracker that I'm still alive in the torrent!
[13:26:43]  I informed the tracker that I'm still alive in the torrent!
[13:27:03]  I informed the tracker that I'm still alive in the torrent!
[13:27:23]  I informed the tracker that I'm still alive in the torrent!
[13:27:43]  I informed the tracker that I'm still alive in the torrent!
[13:28:03]  I informed the tracker that I'm still alive in the torrent!
[13:28:23]  I informed the tracker that I'm still alive in the torrent!
[13:28:43]  I informed the tracker that I'm still alive in the torrent!
[13:29:03]  I informed the tracker that I'm still alive in the torrent!
[13:29:23]  I informed the tracker that I'm still alive in the torrent!
[13:29:43]  I informed the tracker that I'm still alive in the torrent!
[13:30:03]  I informed the tracker that I'm still alive in the torrent!
[13:30:12]  ***************** Node program started just right now! *****************
[13:30:12]  You entered Torrent. Receiving port: 57492
[13:30:12]  I informed the tracker that I'm still alive in the torrent!
[13:30:24]  You are free now! You are waiting for other nodes' requests!
[13:30:24]  Listening on port 57492
[13:30:32]  I informed the tracker that I'm still alive in the torrent!
[13:30:52]  I informed the tracker that I'm still alive in the torrent!
[13:31:12]  I informed the tracker that I'm still alive in the torrent!
[13:31:32]  I informed the tracker that I'm still alive in the torrent!
[13:31:52]  I informed the tracker that I'm still alive in the torrent!
[13:32:12]  I informed the tracker that I'm still alive in the torrent!
[13:32:32]  I informed the tracker that I'm still alive in the torrent!
[13:32:52]  I informed the tracker that I'm still alive in the torrent!
[13:33:12]  I informed the tracker that I'm still alive in the torrent!
[13:33:32]  I informed the tracker that I'm still alive in the torrent!
[13:33:52]  I informed the tracker that I'm still alive in the torrent!
[13:34:12]  I informed the tracker that I'm still alive in the torrent!
[13:34:54]  ***************** Node program started just right now! *****************
[13:34:54]  You entered Torrent. Receiving port: 11830
[13:34:54]  I informed the tracker that I'm still alive in the torrent!
[13:35:11]  You are free now! You are waiting for other nodes' requests!
[13:35:11]  Listening on port 11830
[13:35:14]  I informed the tracker that I'm still alive in the torrent!
[13:35:34]  I informed the tracker that I'm still alive in the torrent!
[13:35:54]  I informed the tracker that I'm still alive in the torrent!
[13:36:14]  I informed the tracker that I'm still alive in the torrent!
[13:36:17]  Connected to ('127.0.0.1', 59444)
[13:36:34]  I informed the tracker that I'm still alive in the torrent!
[13:36:54]  I informed the tracker that I'm still alive in the torrent!
[13:37:14]  I informed the tracker that I'm still alive in the torrent!
[13:37:34]  I informed the tracker that I'm still alive in the torrent!
[13:37:54]  I informed the tracker that I'm still alive in the torrent!
[13:38:14]  I informed the tracker that I'm still alive in the torrent!
[13:38:34]  ***************** Node program started just right now! *****************
[13:38:34]  You entered Torrent. Receiving port: 61528
[13:38:34]  I informed the tracker that I'm still alive in the torrent!
[13:38:44]  You are free now! You are waiting for other nodes' requests!
[13:38:44]  Listening on port 61528
[13:38:54]  I informed the tracker that I'm still alive in the torrent!
[13:39:01]  Connected to ('127.0.0.1', 59525)
[13:39:01]  Stopped listening to request
[13:42:18]  ***************** Node program started just right now! *****************
[13:42:18]  You entered Torrent. Receiving port: 11099
[13:42:18]  I informed the tracker that I'm still alive in the torrent!
[13:42:33]  You are free now! You are waiting for other nodes' requests!
[13:42:33]  Listening on port 11099
[13:42:38]  I informed the tracker that I'm still alive in the torrent!
[13:42:51]  Connected to ('127.0.0.1', 59638)
[13:42:51]  The 0/24 has been sent!
[13:42:58]  I informed the tracker that I'm still alive in the torrent!
[13:43:18]  I informed the tracker that I'm still alive in the torrent!
[13:43:38]  I informed the tracker that I'm still alive in the torrent!
[13:43:58]  I informed the tracker that I'm still alive in the torrent!
[13:44:18]  I informed the tracker that I'm still alive in the torrent!
[13:44:38]  I informed the tracker that I'm still alive in the torrent!
[13:44:58]  I informed the tracker that I'm still alive in the torrent!
[13:45:18]  I informed the tracker that I'm still alive in the torrent!
[13:45:38]  I informed the tracker that I'm still alive in the torrent!
[13:45:58]  I informed the tracker that I'm still alive in the torrent!
[13:46:18]  I informed the tracker that I'm still alive in the torrent!
[13:46:38]  I informed the tracker that I'm still alive in the torrent!
[13:46:58]  I informed the tracker that I'm still alive in the torrent!
[13:47:18]  I informed the tracker that I'm still alive in the torrent!
[13:47:38]  I informed the tracker that I'm still alive in the torrent!
[13:47:58]  I informed the tracker that I'm still alive in the torrent!
[13:48:18]  I informed the tracker that I'm still alive in the torrent!
[13:48:38]  I informed the tracker that I'm still alive in the torrent!
[13:48:58]  I informed the tracker that I'm still alive in the torrent!
[13:49:18]  I informed the tracker that I'm still alive in the torrent!
[13:49:38]  I informed the tracker that I'm still alive in the torrent!
[13:49:58]  I informed the tracker that I'm still alive in the torrent!
[13:50:18]  I informed the tracker that I'm still alive in the torrent!
[13:50:38]  I informed the tracker that I'm still alive in the torrent!
[13:50:58]  I informed the tracker that I'm still alive in the torrent!
[13:51:18]  I informed the tracker that I'm still alive in the torrent!
[13:51:38]  I informed the tracker that I'm still alive in the torrent!
[13:51:58]  I informed the tracker that I'm still alive in the torrent!
[13:52:18]  I informed the tracker that I'm still alive in the torrent!
[13:52:38]  I informed the tracker that I'm still alive in the torrent!
[13:52:58]  I informed the tracker that I'm still alive in the torrent!
[13:53:35]  ***************** Node program started just right now! *****************
[13:53:35]  You entered Torrent. Receiving port: 6968
[13:53:35]  I informed the tracker that I'm still alive in the torrent!
[13:53:55]  I informed the tracker that I'm still alive in the torrent!
[13:54:02]  You are free now! You are waiting for other nodes' requests!
[13:54:02]  Listening on port 6968
[13:54:15]  I informed the tracker that I'm still alive in the torrent!
[13:54:15]  Connected to ('127.0.0.1', 59958)
[13:54:15]  The 0/71 has been sent!
[13:54:15]  The 1/71 has been sent!
[13:54:15]  The 2/71 has been sent!
[13:54:15]  The 3/71 has been sent!
[13:54:15]  The 4/71 has been sent!
[13:54:35]  I informed the tracker that I'm still alive in the torrent!
[13:56:00]  ***************** Node program started just right now! *****************
[13:56:00]  You entered Torrent. Receiving port: 60653
[13:56:00]  I informed the tracker that I'm still alive in the torrent!
[13:56:19]  You are free now! You are waiting for other nodes' requests!
[13:56:19]  Listening on port 60653
[13:56:20]  I informed the tracker that I'm still alive in the torrent!
[13:56:40]  I informed the tracker that I'm still alive in the torrent!
[13:56:43]  Connected to ('127.0.0.1', 60057)
[13:56:43]  The 0/71 has been sent!
[13:56:43]  The 1/71 has been sent!
[13:56:43]  The 2/71 has been sent!
[13:56:43]  The 3/71 has been sent!
[13:56:43]  The 4/71 has been sent!
[13:57:00]  I informed the tracker that I'm still alive in the torrent!
[13:57:20]  I informed the tracker that I'm still alive in the torrent!
[13:57:40]  I informed the tracker that I'm still alive in the torrent!
[13:58:00]  I informed the tracker that I'm still alive in the torrent!
[13:58:20]  I informed the tracker that I'm still alive in the torrent!
[13:58:40]  I informed the tracker that I'm still alive in the torrent!
[13:59:00]  I informed the tracker that I'm still alive in the torrent!
[13:59:20]  I informed the tracker that I'm still alive in the torrent!
[13:59:35]  Connected to ('127.0.0.1', 60137)
[13:59:35]  The 0/71 has been sent!
[13:59:35]  The 1/71 has been sent!
[13:59:35]  The 2/71 has been sent!
[13:59:35]  The 3/71 has been sent!
[13:59:40]  I informed the tracker that I'm still alive in the torrent!
[14:00:00]  I informed the tracker that I'm still alive in the torrent!
[14:00:20]  I informed the tracker that I'm still alive in the torrent!
[14:00:40]  I informed the tracker that I'm still alive in the torrent!
[14:01:00]  I informed the tracker that I'm still alive in the torrent!
[14:01:20]  I informed the tracker that I'm still alive in the torrent!
[14:01:40]  I informed the tracker that I'm still alive in the torrent!
[14:02:00]  I informed the tracker that I'm still alive in the torrent!
[14:02:20]  I informed the tracker that I'm still alive in the torrent!
[14:02:21]  Connected to ('127.0.0.1', 60265)
[14:02:21]  The 0/71 has been sent!
[14:02:21]  The 1/71 has been sent!
[14:02:21]  The 2/71 has been sent!
[14:02:21]  The 3/71 has been sent!
[14:02:21]  The 4/71 has been sent!
[14:02:21]  The 5/71 has been sent!
[14:02:21]  The 6/71 has been sent!
[14:02:21]  The 7/71 has been sent!
[14:02:21]  The 8/71 has been sent!
[14:02:21]  The 9/71 has been sent!
[14:02:21]  The 10/71 has been sent!
[14:02:21]  The 11/71 has been sent!
[14:02:21]  The 12/71 has been sent!
[14:02:21]  The 13/71 has been sent!
[14:02:21]  The 14/71 has been sent!
[14:02:21]  The 15/71 has been sent!
[14:02:21]  The 16/71 has been sent!
[14:02:21]  The 17/71 has been sent!
[14:02:21]  The 18/71 has been sent!
[14:02:21]  The 19/71 has been sent!
[14:02:21]  The 20/71 has been sent!
[14:02:21]  The 21/71 has been sent!
[14:02:21]  The 22/71 has been sent!
[14:02:21]  The 23/71 has been sent!
[14:02:21]  The 24/71 has been sent!
[14:02:21]  The 25/71 has been sent!
[14:02:21]  The 26/71 has been sent!
[14:02:21]  The 27/71 has been sent!
[14:02:21]  The 28/71 has been sent!
[14:02:21]  The 29/71 has been sent!
[14:02:21]  The 30/71 has been sent!
[14:02:21]  The 31/71 has been sent!
[14:02:21]  The 32/71 has been sent!
[14:02:21]  The 33/71 has been sent!
[14:02:21]  The 34/71 has been sent!
[14:02:21]  The 35/71 has been sent!
[14:02:21]  The 36/71 has been sent!
[14:02:21]  The 37/71 has been sent!
[14:02:21]  The 38/71 has been sent!
[14:02:21]  The 39/71 has been sent!
[14:02:21]  The 40/71 has been sent!
[14:02:21]  The 41/71 has been sent!
[14:02:21]  The 42/71 has been sent!
[14:02:21]  The 43/71 has been sent!
[14:02:21]  The 44/71 has been sent!
[14:02:21]  The 45/71 has been sent!
[14:02:21]  The 46/71 has been sent!
[14:02:21]  The 47/71 has been sent!
[14:02:21]  The 48/71 has been sent!
[14:02:21]  The 49/71 has been sent!
[14:02:21]  The 50/71 has been sent!
[14:02:21]  The 51/71 has been sent!
[14:02:21]  The 52/71 has been sent!
[14:02:21]  The 53/71 has been sent!
[14:02:21]  The 54/71 has been sent!
[14:02:21]  The 55/71 has been sent!
[14:02:21]  The 56/71 has been sent!
[14:02:21]  The 57/71 has been sent!
[14:02:21]  The 58/71 has been sent!
[14:02:21]  The 59/71 has been sent!
[14:02:21]  The 60/71 has been sent!
[14:02:21]  The 61/71 has been sent!
[14:02:21]  The 62/71 has been sent!
[14:02:21]  The 63/71 has been sent!
[14:02:21]  The 64/71 has been sent!
[14:02:21]  The 65/71 has been sent!
[14:02:21]  The 66/71 has been sent!
[14:02:21]  The 67/71 has been sent!
[14:02:21]  The 68/71 has been sent!
[14:02:21]  The 69/71 has been sent!
[14:02:21]  The 70/71 has been sent!
[14:02:21]  The process of sending a chunk to node2 of file file_A.txt has finished!
[14:02:21]  Stopped listening to request
[14:05:39]  ***************** Node program started just right now! *****************
[14:05:39]  You entered Torrent. Receiving port: 30115
[14:05:39]  I informed the tracker that I'm still alive in the torrent!
[14:05:42]  You are free now! You are waiting for other nodes' requests!
[14:05:42]  Listening on port 30115
[14:05:59]  I informed the tracker that I'm still alive in the torrent!
[14:06:08]  Connected to ('127.0.0.1', 60370)
[14:06:08]  The 0/36 has been sent!
[14:06:08]  The 1/36 has been sent!
[14:06:08]  The 2/36 has been sent!
[14:06:08]  The 3/36 has been sent!
[14:06:08]  The 4/36 has been sent!
[14:06:08]  The 5/36 has been sent!
[14:06:08]  The 6/36 has been sent!
[14:06:08]  The 7/36 has been sent!
[14:06:08]  The 8/36 has been sent!
[14:06:08]  The 9/36 has been sent!
[14:06:08]  The 10/36 has been sent!
[14:06:08]  The 11/36 has been sent!
[14:06:08]  The 12/36 has been sent!
[14:06:08]  The 13/36 has been sent!
[14:06:08]  The 14/36 has been sent!
[14:06:08]  The 15/36 has been sent!
[14:06:08]  The 16/36 has been sent!
[14:06:08]  The 17/36 has been sent!
[14:06:08]  The 18/36 has been sent!
[14:06:08]  The 19/36 has been sent!
[14:06:08]  The 20/36 has been sent!
[14:06:08]  The 21/36 has been sent!
[14:06:08]  The 22/36 has been sent!
[14:06:08]  The 23/36 has been sent!
[14:06:08]  The 24/36 has been sent!
[14:06:08]  The 25/36 has been sent!
[14:06:08]  The 26/36 has been sent!
[14:06:08]  The 27/36 has been sent!
[14:06:08]  The 28/36 has been sent!
[14:06:08]  The 29/36 has been sent!
[14:06:08]  The 30/36 has been sent!
[14:06:08]  The 31/36 has been sent!
[14:06:08]  The 32/36 has been sent!
[14:06:08]  The 33/36 has been sent!
[14:06:08]  The 34/36 has been sent!
[14:06:08]  The 35/36 has been sent!
[14:06:08]  The process of sending a chunk to node2 of file file_A.txt has finished!
[14:06:08]  Stopped listening to request
[14:06:47]  ***************** Node program started just right now! *****************
[14:06:47]  You entered Torrent. Receiving port: 15532
[14:06:47]  I informed the tracker that I'm still alive in the torrent!
[14:06:48]  You are free now! You are waiting for other nodes' requests!
[14:06:48]  Listening on port 15532
[14:07:06]  Connected to ('127.0.0.1', 60395)
[14:07:06]  The 0/24 has been sent!
[14:07:06]  The 1/24 has been sent!
[14:07:06]  The 2/24 has been sent!
[14:07:06]  The 3/24 has been sent!
[14:07:06]  The 4/24 has been sent!
[14:07:06]  The 5/24 has been sent!
[14:07:06]  The 6/24 has been sent!
[14:07:06]  The 7/24 has been sent!
[14:07:06]  The 8/24 has been sent!
[14:07:06]  The 9/24 has been sent!
[14:07:06]  The 10/24 has been sent!
[14:07:06]  The 11/24 has been sent!
[14:07:06]  The 12/24 has been sent!
[14:07:06]  The 13/24 has been sent!
[14:07:06]  The 14/24 has been sent!
[14:07:06]  The 15/24 has been sent!
[14:07:06]  The 16/24 has been sent!
[14:07:06]  The 17/24 has been sent!
[14:07:06]  The 18/24 has been sent!
[14:07:06]  The 19/24 has been sent!
[14:07:06]  The 20/24 has been sent!
[14:07:06]  The 21/24 has been sent!
[14:07:06]  The 22/24 has been sent!
[14:07:06]  The 23/24 has been sent!
[14:07:06]  The process of sending a chunk to node2 of file file_A.txt has finished!
[14:07:06]  Stopped listening to request
[14:08:12]  ***************** Node program started just right now! *****************
[14:08:12]  You entered Torrent. Receiving port: 8430
[14:08:12]  I informed the tracker that I'm still alive in the torrent!
[14:08:30]  You are free now! You are waiting for other nodes' requests!
[14:08:30]  Listening on port 8430
[14:08:32]  I informed the tracker that I'm still alive in the torrent!
[14:08:45]  Connected to ('127.0.0.1', 60462)
[14:08:45]  The 0/71 has been sent!
[14:08:45]  The 1/71 has been sent!
[14:08:45]  The 2/71 has been sent!
[14:08:45]  The 3/71 has been sent!
[14:08:45]  The 4/71 has been sent!
[14:08:45]  The 5/71 has been sent!
[14:08:45]  The 6/71 has been sent!
[14:08:45]  The 7/71 has been sent!
[14:08:45]  The 8/71 has been sent!
[14:08:45]  The 9/71 has been sent!
[14:08:45]  The 10/71 has been sent!
[14:08:45]  The 11/71 has been sent!
[14:08:45]  The 12/71 has been sent!
[14:08:45]  The 13/71 has been sent!
[14:08:45]  The 14/71 has been sent!
[14:08:45]  The 15/71 has been sent!
[14:08:45]  The 16/71 has been sent!
[14:08:45]  The 17/71 has been sent!
[14:08:45]  The 18/71 has been sent!
[14:08:45]  The 19/71 has been sent!
[14:08:45]  The 20/71 has been sent!
[14:08:45]  The 21/71 has been sent!
[14:08:45]  The 22/71 has been sent!
[14:08:45]  The 23/71 has been sent!
[14:08:45]  The 24/71 has been sent!
[14:08:45]  The 25/71 has been sent!
[14:08:45]  The 26/71 has been sent!
[14:08:45]  The 27/71 has been sent!
[14:08:45]  The 28/71 has been sent!
[14:08:45]  The 29/71 has been sent!
[14:08:45]  The 30/71 has been sent!
[14:08:45]  The 31/71 has been sent!
[14:08:45]  The 32/71 has been sent!
[14:08:45]  The 33/71 has been sent!
[14:08:45]  The 34/71 has been sent!
[14:08:45]  The 35/71 has been sent!
[14:08:45]  The 36/71 has been sent!
[14:08:45]  The 37/71 has been sent!
[14:08:45]  The 38/71 has been sent!
[14:08:45]  The 39/71 has been sent!
[14:08:45]  The 40/71 has been sent!
[14:08:45]  The 41/71 has been sent!
[14:08:45]  The 42/71 has been sent!
[14:08:45]  The 43/71 has been sent!
[14:08:45]  The 44/71 has been sent!
[14:08:45]  The 45/71 has been sent!
[14:08:45]  The 46/71 has been sent!
[14:08:45]  The 47/71 has been sent!
[14:08:45]  The 48/71 has been sent!
[14:08:45]  The 49/71 has been sent!
[14:08:45]  The 50/71 has been sent!
[14:08:45]  The 51/71 has been sent!
[14:08:45]  The 52/71 has been sent!
[14:08:45]  The 53/71 has been sent!
[14:08:45]  The 54/71 has been sent!
[14:08:45]  The 55/71 has been sent!
[14:08:45]  The 56/71 has been sent!
[14:08:45]  The 57/71 has been sent!
[14:08:45]  The 58/71 has been sent!
[14:08:45]  The 59/71 has been sent!
[14:08:45]  The 60/71 has been sent!
[14:08:45]  The 61/71 has been sent!
[14:08:45]  The 62/71 has been sent!
[14:08:45]  The 63/71 has been sent!
[14:08:45]  The 64/71 has been sent!
[14:08:45]  The 65/71 has been sent!
[14:08:45]  The 66/71 has been sent!
[14:08:45]  The 67/71 has been sent!
[14:08:45]  The 68/71 has been sent!
[14:08:45]  The 69/71 has been sent!
[14:08:45]  The 70/71 has been sent!
[14:08:45]  The process of sending a chunk to node2 of file file_A.txt has finished!
[14:08:45]  Stopped listening to request
[14:10:40]  ***************** Node program started just right now! *****************
[14:10:40]  You entered Torrent. Receiving port: 21398
[14:10:40]  I informed the tracker that I'm still alive in the torrent!
[14:10:47]  You are free now! You are waiting for other nodes' requests!
[14:10:47]  Listening on port 21398
[14:10:51]  Connected to ('127.0.0.1', 60558)
[14:10:51]  The 0/36 has been sent!
[14:10:51]  The 1/36 has been sent!
[14:10:51]  The 2/36 has been sent!
[14:10:51]  The 3/36 has been sent!
[14:10:51]  The 4/36 has been sent!
[14:10:51]  The 5/36 has been sent!
[14:10:51]  The 6/36 has been sent!
[14:10:51]  The 7/36 has been sent!
[14:10:51]  The 8/36 has been sent!
[14:10:51]  The 9/36 has been sent!
[14:10:51]  The 10/36 has been sent!
[14:10:51]  The 11/36 has been sent!
[14:10:51]  The 12/36 has been sent!
[14:10:51]  The 13/36 has been sent!
[14:10:51]  The 14/36 has been sent!
[14:10:51]  The 15/36 has been sent!
[14:10:51]  The 16/36 has been sent!
[14:10:51]  The 17/36 has been sent!
[14:10:51]  The 18/36 has been sent!
[14:10:51]  The 19/36 has been sent!
[14:10:51]  The 20/36 has been sent!
[14:10:51]  The 21/36 has been sent!
[14:10:51]  The 22/36 has been sent!
[14:10:51]  The 23/36 has been sent!
[14:10:51]  The 24/36 has been sent!
[14:10:51]  The 25/36 has been sent!
[14:10:51]  The 26/36 has been sent!
[14:10:51]  The 27/36 has been sent!
[14:10:51]  The 28/36 has been sent!
[14:10:51]  The 29/36 has been sent!
[14:10:51]  The 30/36 has been sent!
[14:10:51]  The 31/36 has been sent!
[14:10:51]  The 32/36 has been sent!
[14:10:51]  The 33/36 has been sent!
[14:10:51]  The 34/36 has been sent!
[14:10:51]  The 35/36 has been sent!
[14:10:51]  The process of sending a chunk to node2 of file file_A.txt has finished!
[14:11:00]  I informed the tracker that I'm still alive in the torrent!
[14:11:20]  I informed the tracker that I'm still alive in the torrent!
[14:11:40]  I informed the tracker that I'm still alive in the torrent!
[14:12:00]  I informed the tracker that I'm still alive in the torrent!
[14:12:21]  ***************** Node program started just right now! *****************
[14:12:21]  You entered Torrent. Receiving port: 9893
[14:12:21]  I informed the tracker that I'm still alive in the torrent!
[14:12:28]  You are free now! You are waiting for other nodes' requests!
[14:12:28]  Listening on port 9893
[14:12:40]  I informed the tracker that I'm still alive in the torrent!
[14:12:41]  Connected to ('127.0.0.1', 60590)
[14:12:41]  The 0/24 has been sent!
[14:12:41]  The 1/24 has been sent!
[14:12:41]  The 2/24 has been sent!
[14:12:41]  The 3/24 has been sent!
[14:12:41]  The 4/24 has been sent!
[14:12:41]  The 5/24 has been sent!
[14:12:41]  The 6/24 has been sent!
[14:12:41]  The 7/24 has been sent!
[14:12:41]  The 8/24 has been sent!
[14:12:41]  The 9/24 has been sent!
[14:12:41]  The 10/24 has been sent!
[14:12:41]  The 11/24 has been sent!
[14:12:41]  The 12/24 has been sent!
[14:12:41]  The 13/24 has been sent!
[14:12:41]  The 14/24 has been sent!
[14:12:41]  The 15/24 has been sent!
[14:12:41]  The 16/24 has been sent!
[14:12:41]  The 17/24 has been sent!
[14:12:41]  The 18/24 has been sent!
[14:12:41]  The 19/24 has been sent!
[14:12:41]  The 20/24 has been sent!
[14:12:41]  The 21/24 has been sent!
[14:12:41]  The 22/24 has been sent!
[14:12:41]  The 23/24 has been sent!
[14:12:41]  The process of sending a chunk to node2 of file file_A.txt has finished!
[14:13:01]  I informed the tracker that I'm still alive in the torrent!
[14:13:20]  I informed the tracker that I'm still alive in the torrent!
[14:13:44]  ***************** Node program started just right now! *****************
[14:13:44]  You entered Torrent. Receiving port: 41030
[14:13:44]  I informed the tracker that I'm still alive in the torrent!
[14:13:59]  You are free now! You are waiting for other nodes' requests!
[14:13:59]  Listening on port 41030
[14:14:04]  I informed the tracker that I'm still alive in the torrent!
[14:14:18]  Connected to ('127.0.0.1', 60621)
[14:14:18]  The 0/71 has been sent!
[14:14:18]  The 1/71 has been sent!
[14:14:18]  The 2/71 has been sent!
[14:14:18]  The 3/71 has been sent!
[14:14:18]  The 4/71 has been sent!
[14:14:18]  The 5/71 has been sent!
[14:14:18]  The 6/71 has been sent!
[14:14:18]  The 7/71 has been sent!
[14:14:18]  The 8/71 has been sent!
[14:14:18]  The 9/71 has been sent!
[14:14:18]  The 10/71 has been sent!
[14:14:18]  The 11/71 has been sent!
[14:14:18]  The 12/71 has been sent!
[14:14:18]  The 13/71 has been sent!
[14:14:18]  The 14/71 has been sent!
[14:14:18]  The 15/71 has been sent!
[14:14:18]  The 16/71 has been sent!
[14:14:18]  The 17/71 has been sent!
[14:14:18]  The 18/71 has been sent!
[14:14:18]  The 19/71 has been sent!
[14:14:18]  The 20/71 has been sent!
[14:14:18]  The 21/71 has been sent!
[14:14:18]  The 22/71 has been sent!
[14:14:18]  The 23/71 has been sent!
[14:14:18]  The 24/71 has been sent!
[14:14:18]  The 25/71 has been sent!
[14:14:18]  The 26/71 has been sent!
[14:14:18]  The 27/71 has been sent!
[14:14:18]  The 28/71 has been sent!
[14:14:18]  The 29/71 has been sent!
[14:14:18]  The 30/71 has been sent!
[14:14:18]  The 31/71 has been sent!
[14:14:18]  The 32/71 has been sent!
[14:14:18]  The 33/71 has been sent!
[14:14:18]  The 34/71 has been sent!
[14:14:18]  The 35/71 has been sent!
[14:14:18]  The 36/71 has been sent!
[14:14:18]  The 37/71 has been sent!
[14:14:18]  The 38/71 has been sent!
[14:14:18]  The 39/71 has been sent!
[14:14:18]  The 40/71 has been sent!
[14:14:18]  The 41/71 has been sent!
[14:14:18]  The 42/71 has been sent!
[14:14:18]  The 43/71 has been sent!
[14:14:18]  The 44/71 has been sent!
[14:14:18]  The 45/71 has been sent!
[14:14:18]  The 46/71 has been sent!
[14:14:18]  The 47/71 has been sent!
[14:14:18]  The 48/71 has been sent!
[14:14:18]  The 49/71 has been sent!
[14:14:18]  The 50/71 has been sent!
[14:14:18]  The 51/71 has been sent!
[14:14:18]  The 52/71 has been sent!
[14:14:18]  The 53/71 has been sent!
[14:14:18]  The 54/71 has been sent!
[14:14:18]  The 55/71 has been sent!
[14:14:18]  The 56/71 has been sent!
[14:14:18]  The 57/71 has been sent!
[14:14:18]  The 58/71 has been sent!
[14:14:18]  The 59/71 has been sent!
[14:14:18]  The 60/71 has been sent!
[14:14:18]  The 61/71 has been sent!
[14:14:18]  The 62/71 has been sent!
[14:14:18]  The 63/71 has been sent!
[14:14:18]  The 64/71 has been sent!
[14:14:18]  The 65/71 has been sent!
[14:14:18]  The 66/71 has been sent!
[14:14:18]  The 67/71 has been sent!
[14:14:18]  The 68/71 has been sent!
[14:14:18]  The 69/71 has been sent!
[14:14:18]  The 70/71 has been sent!
[14:14:18]  The process of sending a chunk to node2 of file file_A.txt has finished!
[14:14:24]  I informed the tracker that I'm still alive in the torrent!
[14:25:19]  ***************** Node program started just right now! *****************
[14:25:19]  You entered Torrent. Receiving port: 11233
[14:25:19]  I informed the tracker that I'm still alive in the torrent!
[14:25:30]  You are free now! You are waiting for other nodes' requests!
[14:25:30]  Listening on port 11233
[14:25:39]  I informed the tracker that I'm still alive in the torrent!
[14:25:59]  I informed the tracker that I'm still alive in the torrent!
[14:26:19]  I informed the tracker that I'm still alive in the torrent!
[14:26:39]  I informed the tracker that I'm still alive in the torrent!
[14:26:59]  I informed the tracker that I'm still alive in the torrent!
[14:27:19]  I informed the tracker that I'm still alive in the torrent!
[14:27:39]  I informed the tracker that I'm still alive in the torrent!
[14:27:59]  I informed the tracker that I'm still alive in the torrent!
[14:28:19]  I informed the tracker that I'm still alive in the torrent!
[14:28:39]  I informed the tracker that I'm still alive in the torrent!
[14:28:59]  I informed the tracker that I'm still alive in the torrent!
[14:40:24]  ***************** Node program started just right now! *****************
[14:40:24]  You entered Torrent. Receiving port: 19682
[14:40:24]  I informed the tracker that I'm still alive in the torrent!
[14:40:37]  You are free now! You are waiting for other nodes' requests!
[14:40:37]  Listening on port 19682
[14:40:44]  I informed the tracker that I'm still alive in the torrent!
[14:41:04]  I informed the tracker that I'm still alive in the torrent!
[14:41:24]  I informed the tracker that I'm still alive in the torrent!
[14:41:44]  I informed the tracker that I'm still alive in the torrent!
[14:42:04]  I informed the tracker that I'm still alive in the torrent!
[14:42:33]  ***************** Node program started just right now! *****************
[14:42:33]  You entered Torrent. Receiving port: 30656
[14:42:33]  I informed the tracker that I'm still alive in the torrent!
[14:42:39]  You are free now! You are waiting for other nodes' requests!
[14:42:39]  Listening on port 30656
[14:42:53]  I informed the tracker that I'm still alive in the torrent!
[14:43:13]  I informed the tracker that I'm still alive in the torrent!
[14:43:33]  I informed the tracker that I'm still alive in the torrent!
[14:44:03]  ***************** Node program started just right now! *****************
[14:44:03]  You entered Torrent. Receiving port: 64738
[14:44:03]  I informed the tracker that I'm still alive in the torrent!
[14:44:11]  You are free now! You are waiting for other nodes' requests!
[14:44:11]  Listening on port 64738
[14:44:23]  I informed the tracker that I'm still alive in the torrent!
[14:44:43]  I informed the tracker that I'm still alive in the torrent!
[14:45:03]  I informed the tracker that I'm still alive in the torrent!
[14:45:23]  I informed the tracker that I'm still alive in the torrent!
[14:45:43]  I informed the tracker that I'm still alive in the torrent!
[14:46:03]  I informed the tracker that I'm still alive in the torrent!
[14:46:23]  I informed the tracker that I'm still alive in the torrent!
[18:35:59]  ***************** Node program started just right now! *****************
[18:35:59]  You entered Torrent. Receiving port: 23999
[18:35:59]  I informed the tracker that I'm still alive in the torrent!
[18:36:11]  You are free now! You are waiting for other nodes' requests!
[18:36:11]  Listening on port 23999
[18:36:19]  I informed the tracker that I'm still alive in the torrent!
[18:36:39]  I informed the tracker that I'm still alive in the torrent!
[18:36:59]  I informed the tracker that I'm still alive in the torrent!
[18:37:23]  ***************** Node program started just right now! *****************
[18:37:23]  You entered Torrent. Receiving port: 38936
[18:37:23]  I informed the tracker that I'm still alive in the torrent!
[18:37:30]  You are free now! You are waiting for other nodes' requests!
[18:37:30]  Listening on port 38936
[18:37:43]  I informed the tracker that I'm still alive in the torrent!
[19:18:00]  ***************** Node program started just right now! *****************
[19:18:00]  You entered Torrent. Receiving port: 17733
[19:18:00]  I informed the tracker that I'm still alive in the torrent!
[19:18:20]  I informed the tracker that I'm still alive in the torrent!
[19:18:40]  I informed the tracker that I'm still alive in the torrent!
[19:18:47]  You are free now! You are waiting for other nodes' requests!
[19:18:47]  Listening on port 17733
[19:19:00]  I informed the tracker that I'm still alive in the torrent!
[19:19:03]  Connected to ('127.0.0.1', 51056)
[19:19:04]  The 0/71 has been sent!
[19:19:04]  The 1/71 has been sent!
[19:19:04]  The 2/71 has been sent!
[19:19:04]  The 3/71 has been sent!
[19:19:04]  The 4/71 has been sent!
[19:19:04]  The 5/71 has been sent!
[19:19:04]  The 6/71 has been sent!
[19:19:04]  The 7/71 has been sent!
[19:19:04]  The 8/71 has been sent!
[19:19:04]  The 9/71 has been sent!
[19:19:04]  The 10/71 has been sent!
[19:19:04]  The 11/71 has been sent!
[19:19:04]  The 12/71 has been sent!
[19:19:04]  The 13/71 has been sent!
[19:19:04]  The 14/71 has been sent!
[19:19:04]  The 15/71 has been sent!
[19:19:04]  The 16/71 has been sent!
[19:19:04]  The 17/71 has been sent!
[19:19:04]  The 18/71 has been sent!
[19:19:04]  The 19/71 has been sent!
[19:19:04]  The 20/71 has been sent!
[19:19:04]  The 21/71 has been sent!
[19:19:04]  The 22/71 has been sent!
[19:19:04]  The 23/71 has been sent!
[19:19:04]  The 24/71 has been sent!
[19:19:04]  The 25/71 has been sent!
[19:19:04]  The 26/71 has been sent!
[19:19:04]  The 27/71 has been sent!
[19:19:04]  The 28/71 has been sent!
[19:19:04]  The 29/71 has been sent!
[19:19:04]  The 30/71 has been sent!
[19:19:04]  The 31/71 has been sent!
[19:19:04]  The 32/71 has been sent!
[19:19:04]  The 33/71 has been sent!
[19:19:04]  The 34/71 has been sent!
[19:19:04]  The 35/71 has been sent!
[19:19:04]  The 36/71 has been sent!
[19:19:04]  The 37/71 has been sent!
[19:19:04]  The 38/71 has been sent!
[19:19:04]  The 39/71 has been sent!
[19:19:04]  The 40/71 has been sent!
[19:19:04]  The 41/71 has been sent!
[19:19:04]  The 42/71 has been sent!
[19:19:04]  The 43/71 has been sent!
[19:19:04]  The 44/71 has been sent!
[19:19:04]  The 45/71 has been sent!
[19:19:04]  The 46/71 has been sent!
[19:19:04]  The 47/71 has been sent!
[19:19:04]  The 48/71 has been sent!
[19:19:04]  The 49/71 has been sent!
[19:19:04]  The 50/71 has been sent!
[19:19:04]  The 51/71 has been sent!
[19:19:04]  The 52/71 has been sent!
[19:19:04]  The 53/71 has been sent!
[19:19:04]  The 54/71 has been sent!
[19:19:04]  The 55/71 has been sent!
[19:19:04]  The 56/71 has been sent!
[19:19:04]  The 57/71 has been sent!
[19:19:04]  The 58/71 has been sent!
[19:19:04]  The 59/71 has been sent!
[19:19:04]  The 60/71 has been sent!
[19:19:04]  The 61/71 has been sent!
[19:19:04]  The 62/71 has been sent!
[19:19:04]  The 63/71 has been sent!
[19:19:04]  The 64/71 has been sent!
[19:19:04]  The 65/71 has been sent!
[19:19:04]  The 66/71 has been sent!
[19:19:04]  The 67/71 has been sent!
[19:19:04]  The 68/71 has been sent!
[19:19:04]  The 69/71 has been sent!
[19:19:04]  The 70/71 has been sent!
[19:19:04]  The process of sending a chunk to node2 of file file_A.txt has finished!
[19:19:20]  I informed the tracker that I'm still alive in the torrent!
[19:19:40]  I informed the tracker that I'm still alive in the torrent!
[19:20:00]  I informed the tracker that I'm still alive in the torrent!
[19:20:20]  I informed the tracker that I'm still alive in the torrent!
[19:20:20]  Connected to ('127.0.0.1', 51079)
[19:20:20]  The 0/36 has been sent!
[19:20:20]  The 1/36 has been sent!
[19:20:20]  The 2/36 has been sent!
[19:20:20]  The 3/36 has been sent!
[19:20:20]  The 4/36 has been sent!
[19:20:20]  The 5/36 has been sent!
[19:20:20]  The 6/36 has been sent!
[19:20:20]  The 7/36 has been sent!
[19:20:20]  The 8/36 has been sent!
[19:20:20]  The 9/36 has been sent!
[19:20:20]  The 10/36 has been sent!
[19:20:20]  The 11/36 has been sent!
[19:20:20]  The 12/36 has been sent!
[19:20:20]  The 13/36 has been sent!
[19:20:20]  The 14/36 has been sent!
[19:20:20]  The 15/36 has been sent!
[19:20:20]  The 16/36 has been sent!
[19:20:20]  The 17/36 has been sent!
[19:20:20]  The 18/36 has been sent!
[19:20:20]  The 19/36 has been sent!
[19:20:20]  The 20/36 has been sent!
[19:20:20]  The 21/36 has been sent!
[19:20:20]  The 22/36 has been sent!
[19:20:20]  The 23/36 has been sent!
[19:20:20]  The 24/36 has been sent!
[19:20:20]  The 25/36 has been sent!
[19:20:20]  The 26/36 has been sent!
[19:20:20]  The 27/36 has been sent!
[19:20:20]  The 28/36 has been sent!
[19:20:20]  The 29/36 has been sent!
[19:20:20]  The 30/36 has been sent!
[19:20:20]  The 31/36 has been sent!
[19:20:20]  The 32/36 has been sent!
[19:20:20]  The 33/36 has been sent!
[19:20:20]  The 34/36 has been sent!
[19:20:20]  The 35/36 has been sent!
[19:20:20]  The process of sending a chunk to node3 of file file_A.txt has finished!
[19:20:20]  Stopped listening to request
[19:20:40]  I informed the tracker that I'm still alive in the torrent!
[19:21:00]  I informed the tracker that I'm still alive in the torrent!
[19:21:20]  I informed the tracker that I'm still alive in the torrent!
[19:21:40]  I informed the tracker that I'm still alive in the torrent!
[19:22:00]  I informed the tracker that I'm still alive in the torrent!
[19:24:30]  ***************** Node program started just right now! *****************
[19:24:30]  You entered Torrent. Receiving port: 57305
[19:24:30]  I informed the tracker that I'm still alive in the torrent!
[19:24:33]  You are free now! You are waiting for other nodes' requests!
[19:24:33]  Listening on port 57305
[19:24:50]  I informed the tracker that I'm still alive in the torrent!
[19:25:10]  I informed the tracker that I'm still alive in the torrent!
[19:25:30]  I informed the tracker that I'm still alive in the torrent!
[19:25:50]  ***************** Node program started just right now! *****************
[19:25:50]  You entered Torrent. Receiving port: 25235
[19:25:50]  I informed the tracker that I'm still alive in the torrent!
[19:26:10]  I informed the tracker that I'm still alive in the torrent!
[19:26:30]  I informed the tracker that I'm still alive in the torrent!
[19:26:30]  You are free now! You are waiting for other nodes' requests!
[19:26:30]  Listening on port 25235
[19:26:46]  Connected to ('127.0.0.1', 51238)
[19:26:46]  The 0/36 has been sent!
[19:26:46]  The 1/36 has been sent!
[19:26:46]  The 2/36 has been sent!
[19:26:46]  The 3/36 has been sent!
[19:26:46]  The 4/36 has been sent!
[19:26:46]  The 5/36 has been sent!
[19:26:46]  The 6/36 has been sent!
[19:26:46]  The 7/36 has been sent!
[19:26:46]  The 8/36 has been sent!
[19:26:46]  The 9/36 has been sent!
[19:26:46]  The 10/36 has been sent!
[19:26:46]  The 11/36 has been sent!
[19:26:46]  The 12/36 has been sent!
[19:26:46]  The 13/36 has been sent!
[19:26:46]  The 14/36 has been sent!
[19:26:46]  The 15/36 has been sent!
[19:26:46]  The 16/36 has been sent!
[19:26:46]  The 17/36 has been sent!
[19:26:46]  The 18/36 has been sent!
[19:26:46]  The 19/36 has been sent!
[19:26:46]  The 20/36 has been sent!
[19:26:46]  The 21/36 has been sent!
[19:26:46]  The 22/36 has been sent!
[19:26:46]  The 23/36 has been sent!
[19:26:46]  The 24/36 has been sent!
[19:26:46]  The 25/36 has been sent!
[19:26:46]  The 26/36 has been sent!
[19:26:46]  The 27/36 has been sent!
[19:26:46]  The 28/36 has been sent!
[19:26:46]  The 29/36 has been sent!
[19:26:46]  The 30/36 has been sent!
[19:26:46]  The 31/36 has been sent!
[19:26:46]  The 32/36 has been sent!
[19:26:46]  The 33/36 has been sent!
[19:26:46]  The 34/36 has been sent!
[19:26:46]  The 35/36 has been sent!
[19:26:46]  The process of sending a chunk to node3 of file file_A.txt has finished!
[19:26:50]  I informed the tracker that I'm still alive in the torrent!
[19:27:10]  I informed the tracker that I'm still alive in the torrent!
[19:27:30]  I informed the tracker that I'm still alive in the torrent!
[19:27:33]  You exited the torrent!
[21:18:15]  ***************** Node program started just right now! *****************
[21:18:15]  You entered Torrent. Receiving port: 51825
[21:18:15]  I informed the tracker that I'm still alive in the torrent!
[21:18:31]  There are no d91838522436ecfe7d0595ac62e1a2a32457da2a in the torrent
[21:18:35]  I informed the tracker that I'm still alive in the torrent!
[21:18:52]  You are free now! You are waiting for other nodes' requests!
[21:18:52]  Listening on port 51825
[21:18:55]  I informed the tracker that I'm still alive in the torrent!
[21:19:15]  I informed the tracker that I'm still alive in the torrent!
[21:19:35]  I informed the tracker that I'm still alive in the torrent!
[21:19:55]  I informed the tracker that I'm still alive in the torrent!
[21:20:15]  I informed the tracker that I'm still alive in the torrent!
[21:20:35]  I informed the tracker that I'm still alive in the torrent!
[21:20:55]  I informed the tracker that I'm still alive in the torrent!
[21:21:15]  I informed the tracker that I'm still alive in the torrent!
[21:21:35]  I informed the tracker that I'm still alive in the torrent!
[21:21:55]  I informed the tracker that I'm still alive in the torrent!
[21:22:15]  I informed the tracker that I'm still alive in the torrent!
[21:22:35]  I informed the tracker that I'm still alive in the torrent!
[21:22:55]  I informed the tracker that I'm still alive in the torrent!
[21:23:15]  I informed the tracker that I'm still alive in the torrent!
[21:23:35]  I informed the tracker that I'm still alive in the torrent!
[21:23:55]  I informed the tracker that I'm still alive in the torrent!
[21:24:15]  I informed the tracker that I'm still alive in the torrent!
[21:24:35]  I informed the tracker that I'm still alive in the torrent!
[21:24:55]  I informed the tracker that I'm still alive in the torrent!
[21:25:15]  I informed the tracker that I'm still alive in the torrent!
[21:25:35]  I informed the tracker that I'm still alive in the torrent!
[21:25:55]  I informed the tracker that I'm still alive in the torrent!
[21:26:15]  I informed the tracker that I'm still alive in the torrent!
[21:26:35]  I informed the tracker that I'm still alive in the torrent!
[21:26:55]  I informed the tracker that I'm still alive in the torrent!
[21:27:15]  I informed the tracker that I'm still alive in the torrent!
[21:27:35]  I informed the tracker that I'm still alive in the torrent!
[21:27:55]  I informed the tracker that I'm still alive in the torrent!
[21:28:15]  I informed the tracker that I'm still alive in the torrent!
[21:28:35]  I informed the tracker that I'm still alive in the torrent!
[21:28:55]  I informed the tracker that I'm still alive in the torrent!
[21:29:15]  I informed the tracker that I'm still alive in the torrent!
[21:29:35]  I informed the tracker that I'm still alive in the torrent!
[21:29:55]  I informed the tracker that I'm still alive in the torrent!
[21:30:15]  I informed the tracker that I'm still alive in the torrent!
[21:30:40]  ***************** Node program started just right now! *****************
[21:30:40]  You entered Torrent. Receiving port: 30204
[21:30:40]  I informed the tracker that I'm still alive in the torrent!
[21:30:44]  You are free now! You are waiting for other nodes' requests!
[21:30:44]  Listening on port 30204
[21:31:00]  I informed the tracker that I'm still alive in the torrent!
[21:31:20]  I informed the tracker that I'm still alive in the torrent!
[21:31:40]  I informed the tracker that I'm still alive in the torrent!
[21:31:42]  Some other node also requested a file from you! But you are already in ~(upload) mode!
[21:32:00]  I informed the tracker that I'm still alive in the torrent!
[21:32:20]  I informed the tracker that I'm still alive in the torrent!
[21:32:40]  I informed the tracker that I'm still alive in the torrent!
[21:33:00]  I informed the tracker that I'm still alive in the torrent!
[21:33:20]  I informed the tracker that I'm still alive in the torrent!
[21:33:40]  I informed the tracker that I'm still alive in the torrent!
[21:34:00]  I informed the tracker that I'm still alive in the torrent!
[21:34:20]  I informed the tracker that I'm still alive in the torrent!
[21:34:25]  Receiving Socket was closed: stopping listener
[21:34:38]  ***************** Node program started just right now! *****************
[21:34:38]  You entered Torrent. Receiving port: 41519
[21:34:38]  I informed the tracker that I'm still alive in the torrent!
[21:34:39]  You are free now! You are waiting for other nodes' requests!
[21:34:39]  Listening on port 41519
[21:34:58]  I informed the tracker that I'm still alive in the torrent!
[21:35:18]  I informed the tracker that I'm still alive in the torrent!
[21:35:38]  I informed the tracker that I'm still alive in the torrent!
[21:35:55]  ***************** Node program started just right now! *****************
[21:35:55]  You entered Torrent. Receiving port: 26924
[21:35:55]  I informed the tracker that I'm still alive in the torrent!
[21:36:04]  You are free now! You are waiting for other nodes' requests!
[21:36:04]  Listening on port 26924
[21:36:15]  I informed the tracker that I'm still alive in the torrent!
[21:36:36]  ***************** Node program started just right now! *****************
[21:36:36]  You entered Torrent. Receiving port: 25624
[21:36:36]  I informed the tracker that I'm still alive in the torrent!
[21:36:37]  You are free now! You are waiting for other nodes' requests!
[21:36:37]  Listening on port 25624
[21:36:56]  I informed the tracker that I'm still alive in the torrent!
[21:37:14]  ***************** Node program started just right now! *****************
[21:37:14]  You entered Torrent. Receiving port: 5815
[21:37:14]  I informed the tracker that I'm still alive in the torrent!
[21:37:15]  You are free now! You are waiting for other nodes' requests!
[21:37:15]  Listening on port 5815
[21:37:24]  Connected to ('127.0.0.1', 64243)
[21:37:24]  The 0/83 has been sent!
[21:37:24]  The 1/83 has been sent!
[21:37:24]  The 2/83 has been sent!
[21:37:24]  The 3/83 has been sent!
[21:37:24]  The 4/83 has been sent!
[21:37:24]  The 5/83 has been sent!
[21:37:24]  The 6/83 has been sent!
[21:37:24]  The 7/83 has been sent!
[21:37:24]  The 8/83 has been sent!
[21:37:24]  The 9/83 has been sent!
[21:37:24]  The 10/83 has been sent!
[21:37:24]  The 11/83 has been sent!
[21:37:24]  The 12/83 has been sent!
[21:37:24]  The 13/83 has been sent!
[21:37:24]  The 14/83 has been sent!
[21:37:24]  The 15/83 has been sent!
[21:37:24]  The 16/83 has been sent!
[21:37:24]  The 17/83 has been sent!
[21:37:24]  The 18/83 has been sent!
[21:37:24]  The 19/83 has been sent!
[21:37:24]  The 20/83 has been sent!
[21:37:24]  The 21/83 has been sent!
[21:37:24]  The 22/83 has been sent!
[21:37:24]  The 23/83 has been sent!
[21:37:24]  The 24/83 has been sent!
[21:37:24]  The 25/83 has been sent!
[21:37:24]  The 26/83 has been sent!
[21:37:24]  The 27/83 has been sent!
[21:37:24]  The 28/83 has been sent!
[21:37:24]  The 29/83 has been sent!
[21:37:24]  The 30/83 has been sent!
[21:37:24]  The 31/83 has been sent!
[21:37:24]  The 32/83 has been sent!
[21:37:24]  The 33/83 has been sent!
[21:37:24]  The 34/83 has been sent!
[21:37:24]  The 35/83 has been sent!
[21:37:24]  The 36/83 has been sent!
[21:37:24]  The 37/83 has been sent!
[21:37:24]  The 38/83 has been sent!
[21:37:24]  The 39/83 has been sent!
[21:37:24]  The 40/83 has been sent!
[21:37:24]  The 41/83 has been sent!
[21:37:24]  The 42/83 has been sent!
[21:37:24]  The 43/83 has been sent!
[21:37:24]  The 44/83 has been sent!
[21:37:24]  The 45/83 has been sent!
[21:37:24]  The 46/83 has been sent!
[21:37:24]  The 47/83 has been sent!
[21:37:24]  The 48/83 has been sent!
[21:37:24]  The 49/83 has been sent!
[21:37:24]  The 50/83 has been sent!
[21:37:24]  The 51/83 has been sent!
[21:37:24]  The 52/83 has been sent!
[21:37:24]  The 53/83 has been sent!
[21:37:24]  The 54/83 has been sent!
[21:37:24]  The 55/83 has been sent!
[21:37:24]  The 56/83 has been sent!
[21:37:24]  The 57/83 has been sent!
[21:37:24]  The 58/83 has been sent!
[21:37:24]  The 59/83 has been sent!
[21:37:24]  The 60/83 has been sent!
[21:37:24]  The 61/83 has been sent!
[21:37:24]  The 62/83 has been sent!
[21:37:24]  The 63/83 has been sent!
[21:37:24]  The 64/83 has been sent!
[21:37:24]  The 65/83 has been sent!
[21:37:24]  The 66/83 has been sent!
[21:37:24]  The 67/83 has been sent!
[21:37:24]  The 68/83 has been sent!
[21:37:24]  The 69/83 has been sent!
[21:37:24]  The 70/83 has been sent!
[21:37:24]  The 71/83 has been sent!
[21:37:24]  The 72/83 has been sent!
[21:37:24]  The 73/83 has been sent!
[21:37:24]  The 74/83 has been sent!
[21:37:24]  The 75/83 has been sent!
[21:37:24]  The 76/83 has been sent!
[21:37:24]  The 77/83 has been sent!
[21:37:24]  The 78/83 has been sent!
[21:37:24]  The 79/83 has been sent!
[21:37:24]  The 80/83 has been sent!
[21:37:24]  The 81/83 has been sent!
[21:37:24]  The 82/83 has been sent!
[21:37:24]  The process of sending a chunk to node2 of file file_A.txt has finished!
[21:37:34]  I informed the tracker that I'm still alive in the torrent!
[21:37:54]  I informed the tracker that I'm still alive in the torrent!
[21:38:14]  I informed the tracker that I'm still alive in the torrent!
[21:38:21]  Receiving Socket was closed: stopping listener
[21:38:21]  You exited the torrent!
